<?xml version="1.0" encoding="UTF-8"?>
<!-- Generated by org.testng.reporters.JUnitReportReporter -->
<testsuite hostname="LAP14641s-MacBook-Pro.local" failures="0" tests="2" name="test_case.feature.android.login.login_channel.LoginGuest" time="37.764" errors="0" timestamp="2023-04-27T09:08:08 ICT" skipped="0">
  <testcase classname="test_case.feature.android.login.login_channel.LoginGuest" name="SDK246_verifyLoginGuestChannel" time="13.637"/>
  <system-out/>
  <testcase classname="test_case.feature.android.login.login_channel.LoginGuest" name="SDK249_verifyExitHomeWhileLogin" time="24.127"/>
  <system-out/>
</testsuite> <!-- test_case.feature.android.login.login_channel.LoginGuest -->
